::1 - - [05/Dec/2020:23:35:24 +0000] "GET /api/v1/items HTTP/1.1" 200 130
::1 - - [05/Dec/2020:23:35:34 +0000] "GET /api/v1/items2 HTTP/1.1" 404 152
::1 - - [05/Dec/2020:23:35:39 +0000] "GET /api/v1/ HTTP/1.1" 404 146
::1 - - [05/Dec/2020:23:46:41 +0000] "GET /api/v1/items/error HTTP/1.1" - -
::1 - - [05/Dec/2020:23:50:41 +0000] "GET /api/v1/items HTTP/1.1" 200 130
::1 - - [05/Dec/2020:23:50:48 +0000] "GET /api/v1/items/errors HTTP/1.1" 404 158
::1 - - [05/Dec/2020:23:51:19 +0000] "GET /api/v1/items/error HTTP/1.1" 442 122
::1 - - [06/Dec/2020:01:14:39 +0000] "GET /api/v1/items/error HTTP/1.1" 442 122
::1 - - [06/Dec/2020:01:14:39 +0000] "GET /favicon.ico HTTP/1.1" 404 150
::1 - - [06/Dec/2020:01:14:44 +0000] "GET /api/v1/items HTTP/1.1" 200 130
::1 - - [06/Dec/2020:01:15:51 +0000] "GET /api/v1/items HTTP/1.1" 200 130
::1 - - [06/Dec/2020:01:18:02 +0000] "GET /api/v1/erors HTTP/1.1" 404 151
::1 - - [06/Dec/2020:01:18:13 +0000] "GET /api/v1/items/errors HTTP/1.1" 404 158
::1 - - [06/Dec/2020:01:18:19 +0000] "GET /api/v1/item/errors HTTP/1.1" 404 157
::1 - - [06/Dec/2020:01:18:22 +0000] "GET /api/v1/item/error HTTP/1.1" 404 156
::1 - - [06/Dec/2020:01:18:30 +0000] "GET /api/v1/ HTTP/1.1" 404 146
::1 - - [06/Dec/2020:01:18:33 +0000] "GET /api/v1/items HTTP/1.1" 200 130
::1 - - [06/Dec/2020:01:18:40 +0000] "GET /api/v1/items/errror HTTP/1.1" 404 158
::1 - - [06/Dec/2020:01:18:42 +0000] "GET /api/v1/items/error HTTP/1.1" 442 122
::1 - - [06/Dec/2020:01:27:27 +0000] "GET /api/v1/items/error HTTP/1.1" 442 122
::1 - - [06/Dec/2020:01:27:30 +0000] "GET /api/v1/items HTTP/1.1" 200 130
::1 - - [06/Dec/2020:01:27:38 +0000] "GET /api/v1/items HTTP/1.1" 200 130
::1 - - [06/Dec/2020:01:27:42 +0000] "GET /api/v1/items/error HTTP/1.1" 442 122
